<?xml version="1.0" encoding="UTF-8" ?>
<testsuite errors="0" failures="0" hostname="jcnaharro-desktop" name="gestionTpv.PagadaTest" skipped="0" tests="17" time="0.288" timestamp="2015-12-22T20:24:18">
  <properties>
[...]
</properties>
  <testcase classname="gestionTpv.PagadaTest" name="testImprimirTarjetaMal1" time="0.056" />
  <testcase classname="gestionTpv.PagadaTest" name="testImprimirTarjetaMal2" time="0.002" />
  <testcase classname="gestionTpv.PagadaTest" name="testImprimirTarjetaMal3" time="0.001" />
  <testcase classname="gestionTpv.PagadaTest" name="testImprimirEfectivo2" time="0.01" />
  <testcase classname="gestionTpv.PagadaTest" name="testImprimirTarjeta1" time="0.002" />
  <testcase classname="gestionTpv.PagadaTest" name="testImprimirEfectivo1" time="0.002" />
  <testcase classname="gestionTpv.PagadaTest" name="testImprimirTarjeta2" time="0.003" />
  <testcase classname="gestionTpv.PagadaTest" name="testImprimirInvitacion" time="0.007" />
  <testcase classname="gestionTpv.PagadaTest" name="testImprimirChequeRegalo" time="0.005" />
  <testcase classname="gestionTpv.PagadaTest" name="testComandaPagadaToString" time="0.0" />
  <testcase classname="gestionTpv.PagadaTest" name="testAddProducto" time="0.001" />
  <testcase classname="gestionTpv.PagadaTest" name="testRemoveProductos" time="0.001" />
  <testcase classname="gestionTpv.PagadaTest" name="testClearComanda" time="0.001" />
  <testcase classname="gestionTpv.PagadaTest" name="testImprimirEfectivoError1" time="0.001" />
  <testcase classname="gestionTpv.PagadaTest" name="testImprimirEfectivoError2" time="0.001" />
  <testcase classname="gestionTpv.PagadaTest" name="testImprimirEfectivoError3" time="0.009" />
  <testcase classname="gestionTpv.PagadaTest" name="testImprimirchequeRegaloError" time="0.002" />
  <system-out><![CDATA[]]></system-out>
  <system-err><![CDATA[]]></system-err>
</testsuite>
